d:\msc deploy\nclgl\x64\debug\nclgl.pdb
d:\msc deploy\nclgl\x64\debug\nclgl.idb
d:\msc deploy\nclgl\x64\debug\glad.obj
d:\msc deploy\nclgl\x64\debug\window.obj
d:\msc deploy\nclgl\x64\debug\shader.obj
d:\msc deploy\nclgl\x64\debug\quaternion.obj
d:\msc deploy\nclgl\x64\debug\oglrenderer.obj
d:\msc deploy\nclgl\x64\debug\mouse.obj
d:\msc deploy\nclgl\x64\debug\meshmaterial.obj
d:\msc deploy\nclgl\x64\debug\meshanimation.obj
d:\msc deploy\nclgl\x64\debug\matrix4.obj
d:\msc deploy\nclgl\x64\debug\matrix3.obj
d:\msc deploy\nclgl\x64\debug\matrix2.obj
d:\msc deploy\nclgl\x64\debug\keyboard.obj
d:\msc deploy\nclgl\x64\debug\gametimer.obj
d:\msc deploy\nclgl\x64\debug\computeshader.obj
c:\users\b7030940\onedrive - newcastle university\masters\csc8502 2021new\csc8502 2021\nclgl\x64\debug\nclgl.pdb
c:\users\b7030940\onedrive - newcastle university\masters\csc8502 2021new\csc8502 2021\nclgl\x64\debug\nclgl.idb
c:\users\b7030940\onedrive - newcastle university\masters\csc8502 2021new\csc8502 2021\nclgl\x64\debug\glad.obj
c:\users\b7030940\onedrive - newcastle university\masters\csc8502 2021new\csc8502 2021\nclgl\x64\debug\window.obj
c:\users\b7030940\onedrive - newcastle university\masters\csc8502 2021new\csc8502 2021\nclgl\x64\debug\shader.obj
c:\users\b7030940\onedrive - newcastle university\masters\csc8502 2021new\csc8502 2021\nclgl\x64\debug\quaternion.obj
c:\users\b7030940\onedrive - newcastle university\masters\csc8502 2021new\csc8502 2021\nclgl\x64\debug\plane.obj
c:\users\b7030940\onedrive - newcastle university\masters\csc8502 2021new\csc8502 2021\nclgl\x64\debug\oglrenderer.obj
c:\users\b7030940\onedrive - newcastle university\masters\csc8502 2021new\csc8502 2021\nclgl\x64\debug\meshmaterial.obj
c:\users\b7030940\onedrive - newcastle university\masters\csc8502 2021new\csc8502 2021\nclgl\x64\debug\meshanimation.obj
c:\users\b7030940\onedrive - newcastle university\masters\csc8502 2021new\csc8502 2021\nclgl\x64\debug\mesh.obj
c:\users\b7030940\onedrive - newcastle university\masters\csc8502 2021new\csc8502 2021\nclgl\x64\debug\matrix4.obj
c:\users\b7030940\onedrive - newcastle university\masters\csc8502 2021new\csc8502 2021\nclgl\x64\debug\matrix3.obj
c:\users\b7030940\onedrive - newcastle university\masters\csc8502 2021new\csc8502 2021\nclgl\x64\debug\matrix2.obj
c:\users\b7030940\onedrive - newcastle university\masters\csc8502 2021new\csc8502 2021\nclgl\x64\debug\keyboard.obj
c:\users\b7030940\onedrive - newcastle university\masters\csc8502 2021new\csc8502 2021\nclgl\x64\debug\heightmap.obj
c:\users\b7030940\onedrive - newcastle university\masters\csc8502 2021new\csc8502 2021\nclgl\x64\debug\gametimer.obj
c:\users\b7030940\onedrive - newcastle university\masters\csc8502 2021new\csc8502 2021\nclgl\x64\debug\computeshader.obj
c:\users\b7030940\onedrive - newcastle university\masters\csc8502 2021new\csc8502 2021\nclgl\x64\debug\camera.obj
c:\users\b7030940\onedrive - newcastle university\masters\csc8502 2021new\csc8502 2021\nclgl\x64\debug\scenenode.obj
c:\users\b7030940\onedrive - newcastle university\masters\csc8502 2021new\csc8502 2021\nclgl\x64\debug\frustum.obj
c:\users\b7030940\onedrive - newcastle university\masters\csc8502 2021new\csc8502 2021\nclgl\x64\debug\cuberobot.obj
c:\users\b7030940\onedrive - newcastle university\masters\csc8502 2021new\csc8502 2021\nclgl\x64\debug\mouse.obj
c:\users\b7030940\onedrive - newcastle university\masters\csc8502 2021new\csc8502 2021\nclgl\x64\debug\nclgl.tlog\cl.command.1.tlog
c:\users\b7030940\onedrive - newcastle university\masters\csc8502 2021new\csc8502 2021\nclgl\x64\debug\nclgl.tlog\cl.read.1.tlog
c:\users\b7030940\onedrive - newcastle university\masters\csc8502 2021new\csc8502 2021\nclgl\x64\debug\nclgl.tlog\cl.write.1.tlog
